2025-09-05 19:22:43 - launcher - INFO - main.py:289 - === LAUNCHING FORTNITE ===
2025-09-05 19:22:43 - launcher - INFO - main.py:289 - Executable: C:/Users/Caden/Downloads/Fear SeasonS/Season 7/7.40/7.40/FortniteGame/Binaries/Win64/FortniteClient-Win64-Shipping.exe
2025-09-05 19:22:43 - launcher - INFO - main.py:289 - Working Directory: C:/Users/Caden/Downloads/Fear SeasonS/Season 7/7.40/7.40/FortniteGame/Binaries/Win64
2025-09-05 19:22:43 - launcher - INFO - main.py:289 - Backend URL: https://127.0.0.1:8443
2025-09-05 19:22:43 - launcher - INFO - main.py:289 - Launch Arguments: 22 arguments
2025-09-05 19:22:43 - launcher - INFO - main.py:289 - Starting Fortnite process...
2025-09-05 19:22:46 - launcher - INFO - main.py:289 - ✓ Fortnite launched successfully!
2025-09-05 19:24:02 - launcher - INFO - main.py:289 - === LAUNCHING FORTNITE ===
2025-09-05 19:24:02 - launcher - INFO - main.py:289 - Executable: C:/Users/Caden/Downloads/Fear SeasonS/Season 7/7.40/7.40/FortniteGame/Binaries/Win64/FortniteClient-Win64-Shipping.exe
2025-09-05 19:24:02 - launcher - INFO - main.py:289 - Working Directory: C:/Users/Caden/Downloads/Fear SeasonS/Season 7/7.40/7.40/FortniteGame/Binaries/Win64
2025-09-05 19:24:02 - launcher - INFO - main.py:289 - Backend URL: https://127.0.0.1:8443
2025-09-05 19:24:02 - launcher - INFO - main.py:289 - Launch Arguments: 22 arguments
2025-09-05 19:24:02 - launcher - INFO - main.py:289 - Starting Fortnite process...
2025-09-05 19:24:05 - launcher - INFO - main.py:289 - ✓ Fortnite launched successfully!
2025-09-05 19:25:08 - launcher - INFO - main.py:289 - Fortnite process ended
2025-09-05 19:32:49 - launcher - INFO - main.py:289 - === LAUNCHING FORTNITE ===
2025-09-05 19:32:49 - launcher - INFO - main.py:289 - Executable: C:/Users/Caden/Downloads/Fear SeasonS/Season 1/1.10/Fortnite 1.10/Fortnite/Fortnite/FortniteGame/Binaries/Win64/FortniteClient-Win64-Shipping.exe
2025-09-05 19:32:49 - launcher - INFO - main.py:289 - Working Directory: C:/Users/Caden/Downloads/Fear SeasonS/Season 1/1.10/Fortnite 1.10/Fortnite/Fortnite/FortniteGame/Binaries/Win64
2025-09-05 19:32:49 - launcher - INFO - main.py:289 - Backend URL: https://127.0.0.1:8443
2025-09-05 19:32:49 - launcher - INFO - main.py:289 - Launch Arguments: 22 arguments
2025-09-05 19:32:49 - launcher - INFO - main.py:289 - Starting Fortnite process...
2025-09-05 19:32:53 - launcher - INFO - main.py:289 - ✓ Fortnite launched successfully!
2025-09-05 19:41:33 - launcher - INFO - main.py:289 - === LAUNCHING FORTNITE ===
2025-09-05 19:41:33 - launcher - INFO - main.py:289 - Executable: C:/Users/Caden/Downloads/Fear SeasonS/Season 1/1.10/Fortnite 1.10/Fortnite/Fortnite/FortniteGame/Binaries/Win64/FortniteClient-Win64-Shipping.exe
2025-09-05 19:41:33 - launcher - INFO - main.py:289 - Working Directory: C:/Users/Caden/Downloads/Fear SeasonS/Season 1/1.10/Fortnite 1.10/Fortnite/Fortnite/FortniteGame/Binaries/Win64
2025-09-05 19:41:33 - launcher - INFO - main.py:289 - Backend URL: https://127.0.0.1:8443
2025-09-05 19:41:33 - launcher - INFO - main.py:289 - Launch Arguments: 22 arguments
2025-09-05 19:41:33 - launcher - INFO - main.py:289 - Starting Fortnite process...
2025-09-05 19:41:36 - launcher - INFO - main.py:289 - ✓ Fortnite launched successfully!
2025-09-05 19:42:22 - launcher - INFO - main.py:289 - Fortnite process ended
2025-09-05 19:46:52 - launcher - INFO - main.py:289 - === LAUNCHING FORTNITE ===
2025-09-05 19:46:52 - launcher - INFO - main.py:289 - Executable: C:/Users/Caden/Downloads/Fear SeasonS/Season 1/1.10/Fortnite 1.10/Fortnite/Fortnite/FortniteGame/Binaries/Win64/FortniteClient-Win64-Shipping.exe
2025-09-05 19:46:52 - launcher - INFO - main.py:289 - Working Directory: C:/Users/Caden/Downloads/Fear SeasonS/Season 1/1.10/Fortnite 1.10/Fortnite/Fortnite/FortniteGame/Binaries/Win64
2025-09-05 19:46:52 - launcher - INFO - main.py:289 - Backend URL: https://127.0.0.1:8443
2025-09-05 19:46:52 - launcher - INFO - main.py:289 - Launch Arguments: 22 arguments
2025-09-05 19:46:52 - launcher - INFO - main.py:289 - Starting Fortnite process...
2025-09-05 19:46:55 - launcher - INFO - main.py:289 - ✓ Fortnite launched successfully!
2025-09-05 19:50:52 - launcher - INFO - main.py:289 - === LAUNCHING FORTNITE ===
2025-09-05 19:50:52 - launcher - INFO - main.py:289 - Executable: C:/Users/Caden/Downloads/Fear SeasonS/Season 1/1.10/Fortnite 1.10/Fortnite/Fortnite/FortniteGame/Binaries/Win64/FortniteClient-Win64-Shipping.exe
2025-09-05 19:50:52 - launcher - INFO - main.py:289 - Working Directory: C:/Users/Caden/Downloads/Fear SeasonS/Season 1/1.10/Fortnite 1.10/Fortnite/Fortnite/FortniteGame/Binaries/Win64
2025-09-05 19:50:52 - launcher - INFO - main.py:289 - Backend URL: https://127.0.0.1:8443
2025-09-05 19:50:52 - launcher - INFO - main.py:289 - Launch Arguments: 22 arguments
2025-09-05 19:50:52 - launcher - INFO - main.py:289 - Starting Fortnite process...
2025-09-05 19:50:55 - launcher - INFO - main.py:289 - ✓ Fortnite launched successfully!
2025-09-05 19:52:01 - launcher - INFO - main.py:289 - Fortnite process ended
2025-09-05 19:52:43 - launcher - INFO - main.py:289 - === LAUNCHING FORTNITE ===
2025-09-05 19:52:43 - launcher - INFO - main.py:289 - Executable: C:/Users/Caden/Downloads/Fear SeasonS/Season 7/7.40/7.40/FortniteGame/Binaries/Win64/FortniteClient-Win64-Shipping.exe
2025-09-05 19:52:43 - launcher - INFO - main.py:289 - Working Directory: C:/Users/Caden/Downloads/Fear SeasonS/Season 7/7.40/7.40/FortniteGame/Binaries/Win64
2025-09-05 19:52:43 - launcher - INFO - main.py:289 - Backend URL: https://127.0.0.1:8443
2025-09-05 19:52:43 - launcher - INFO - main.py:289 - Launch Arguments: 22 arguments
2025-09-05 19:52:43 - launcher - INFO - main.py:289 - Starting Fortnite process...
2025-09-05 19:52:46 - launcher - INFO - main.py:289 - ✓ Fortnite launched successfully!
2025-09-05 19:53:26 - launcher - INFO - main.py:289 - Fortnite process ended
2025-09-05 19:54:43 - launcher - INFO - main.py:289 - === LAUNCHING FORTNITE ===
2025-09-05 19:54:43 - launcher - INFO - main.py:289 - Executable: C:/Users/Caden/Downloads/Fear SeasonS/Season 7/7.40/7.40/FortniteGame/Binaries/Win64/FortniteClient-Win64-Shipping.exe
2025-09-05 19:54:43 - launcher - INFO - main.py:289 - Working Directory: C:/Users/Caden/Downloads/Fear SeasonS/Season 7/7.40/7.40/FortniteGame/Binaries/Win64
2025-09-05 19:54:43 - launcher - INFO - main.py:289 - Backend URL: https://127.0.0.1:8443
2025-09-05 19:54:43 - launcher - INFO - main.py:289 - Launch Arguments: 22 arguments
2025-09-05 19:54:43 - launcher - INFO - main.py:289 - Starting Fortnite process...
2025-09-05 19:54:46 - launcher - INFO - main.py:289 - ✓ Fortnite launched successfully!
2025-09-05 19:55:32 - launcher - INFO - main.py:289 - Fortnite process ended
2025-09-05 19:57:28 - launcher - INFO - main.py:289 - === LAUNCHING FORTNITE ===
2025-09-05 19:57:28 - launcher - INFO - main.py:289 - Executable: C:/Users/Caden/Downloads/Fear SeasonS/Season 7/7.40/7.40/FortniteGame/Binaries/Win64/FortniteClient-Win64-Shipping.exe
2025-09-05 19:57:28 - launcher - INFO - main.py:289 - Working Directory: C:/Users/Caden/Downloads/Fear SeasonS/Season 7/7.40/7.40/FortniteGame/Binaries/Win64
2025-09-05 19:57:28 - launcher - INFO - main.py:289 - Backend URL: https://127.0.0.1:8443
2025-09-05 19:57:28 - launcher - INFO - main.py:289 - Launch Arguments: 22 arguments
2025-09-05 19:57:28 - launcher - INFO - main.py:289 - Starting Fortnite process...
2025-09-05 19:57:31 - launcher - INFO - main.py:289 - ✓ Fortnite launched successfully!
2025-09-05 19:58:12 - launcher - INFO - main.py:289 - Fortnite process ended
2025-09-05 19:59:32 - launcher - INFO - main.py:289 - === LAUNCHING FORTNITE ===
2025-09-05 19:59:32 - launcher - INFO - main.py:289 - Executable: C:/Users/Caden/Downloads/Fear SeasonS/Season 7/7.40/7.40/FortniteGame/Binaries/Win64/FortniteClient-Win64-Shipping.exe
2025-09-05 19:59:32 - launcher - INFO - main.py:289 - Working Directory: C:/Users/Caden/Downloads/Fear SeasonS/Season 7/7.40/7.40/FortniteGame/Binaries/Win64
2025-09-05 19:59:32 - launcher - INFO - main.py:289 - Backend URL: https://127.0.0.1:8443
2025-09-05 19:59:32 - launcher - INFO - main.py:289 - Launch Arguments: 22 arguments
2025-09-05 19:59:32 - launcher - INFO - main.py:289 - Starting Fortnite process...
2025-09-05 19:59:35 - launcher - INFO - main.py:289 - ✓ Fortnite launched successfully!
2025-09-05 20:00:32 - launcher - INFO - main.py:289 - Fortnite process ended
2025-09-05 20:02:37 - launcher - INFO - main.py:289 - === LAUNCHING FORTNITE ===
2025-09-05 20:02:37 - launcher - INFO - main.py:289 - Executable: C:/Users/Caden/Downloads/Fear SeasonS/Season 7/7.40/7.40/FortniteGame/Binaries/Win64/FortniteClient-Win64-Shipping.exe
2025-09-05 20:02:37 - launcher - INFO - main.py:289 - Working Directory: C:/Users/Caden/Downloads/Fear SeasonS/Season 7/7.40/7.40/FortniteGame/Binaries/Win64
2025-09-05 20:02:37 - launcher - INFO - main.py:289 - Backend URL: https://127.0.0.1:8443
2025-09-05 20:02:37 - launcher - INFO - main.py:289 - Launch Arguments: 22 arguments
2025-09-05 20:02:37 - launcher - INFO - main.py:289 - Starting Fortnite process...
2025-09-05 20:02:41 - launcher - INFO - main.py:289 - ✓ Fortnite launched successfully!
2025-09-05 20:03:18 - launcher - INFO - main.py:289 - Fortnite process ended
2025-09-05 20:07:48 - launcher - INFO - main.py:289 - === LAUNCHING FORTNITE ===
2025-09-05 20:07:48 - launcher - INFO - main.py:289 - Executable: C:/Users/Caden/Downloads/Fear SeasonS/Season 7/7.40/7.40/FortniteGame/Binaries/Win64/FortniteClient-Win64-Shipping.exe
2025-09-05 20:07:48 - launcher - INFO - main.py:289 - Working Directory: C:/Users/Caden/Downloads/Fear SeasonS/Season 7/7.40/7.40/FortniteGame/Binaries/Win64
2025-09-05 20:07:48 - launcher - INFO - main.py:289 - Backend URL: https://127.0.0.1:8443
2025-09-05 20:07:48 - launcher - INFO - main.py:289 - Launch Arguments: 22 arguments
2025-09-05 20:07:48 - launcher - INFO - main.py:289 - Starting Fortnite process...
2025-09-05 20:07:51 - launcher - INFO - main.py:289 - ✓ Fortnite launched successfully!
2025-09-05 20:09:01 - launcher - INFO - main.py:289 - === LAUNCHING FORTNITE ===
2025-09-05 20:09:01 - launcher - INFO - main.py:289 - Executable: C:/Users/Caden/Downloads/Fear SeasonS/Season 7/7.40/7.40/FortniteGame/Binaries/Win64/FortniteClient-Win64-Shipping.exe
2025-09-05 20:09:01 - launcher - INFO - main.py:289 - Working Directory: C:/Users/Caden/Downloads/Fear SeasonS/Season 7/7.40/7.40/FortniteGame/Binaries/Win64
2025-09-05 20:09:01 - launcher - INFO - main.py:289 - Backend URL: https://127.0.0.1:8443
2025-09-05 20:09:01 - launcher - INFO - main.py:289 - Launch Arguments: 22 arguments
2025-09-05 20:09:01 - launcher - INFO - main.py:289 - Starting Fortnite process...
2025-09-05 20:09:04 - launcher - INFO - main.py:289 - ✓ Fortnite launched successfully!
2025-09-05 20:17:36 - launcher - INFO - main.py:289 - === LAUNCHING FORTNITE ===
2025-09-05 20:17:36 - launcher - INFO - main.py:289 - Executable: C:/Users/Caden/Downloads/Fear SeasonS/Season 7/7.40/7.40/FortniteGame/Binaries/Win64/FortniteClient-Win64-Shipping.exe
2025-09-05 20:17:36 - launcher - INFO - main.py:289 - Working Directory: C:/Users/Caden/Downloads/Fear SeasonS/Season 7/7.40/7.40/FortniteGame/Binaries/Win64
2025-09-05 20:17:36 - launcher - INFO - main.py:289 - Backend URL: https://127.0.0.1:8443
2025-09-05 20:17:36 - launcher - INFO - main.py:289 - Launch Arguments: 22 arguments
2025-09-05 20:17:36 - launcher - INFO - main.py:289 - Starting Fortnite process...
2025-09-05 20:17:39 - launcher - INFO - main.py:289 - ✓ Fortnite launched successfully!
2025-09-05 20:20:32 - launcher - INFO - main.py:289 - === LAUNCHING FORTNITE ===
2025-09-05 20:20:32 - launcher - INFO - main.py:289 - Executable: C:/Users/Caden/Downloads/Fear SeasonS/Season 7/7.40/7.40/FortniteGame/Binaries/Win64/FortniteClient-Win64-Shipping.exe
2025-09-05 20:20:32 - launcher - INFO - main.py:289 - Working Directory: C:/Users/Caden/Downloads/Fear SeasonS/Season 7/7.40/7.40/FortniteGame/Binaries/Win64
2025-09-05 20:20:32 - launcher - INFO - main.py:289 - Backend URL: https://127.0.0.1:8443
2025-09-05 20:20:32 - launcher - INFO - main.py:289 - Launch Arguments: 22 arguments
2025-09-05 20:20:32 - launcher - INFO - main.py:289 - Starting Fortnite process...
2025-09-05 20:20:35 - launcher - INFO - main.py:289 - ✓ Fortnite launched successfully!
2025-09-05 20:21:19 - launcher - INFO - main.py:289 - Fortnite process ended
2025-09-05 20:28:47 - launcher - INFO - main.py:289 - === LAUNCHING FORTNITE ===
2025-09-05 20:28:47 - launcher - INFO - main.py:289 - Executable: C:/Users/Caden/Downloads/Fear SeasonS/Season 7/7.40/7.40/FortniteGame/Binaries/Win64/FortniteClient-Win64-Shipping.exe
2025-09-05 20:28:47 - launcher - INFO - main.py:289 - Working Directory: C:/Users/Caden/Downloads/Fear SeasonS/Season 7/7.40/7.40/FortniteGame/Binaries/Win64
2025-09-05 20:28:47 - launcher - INFO - main.py:289 - Backend URL: https://127.0.0.1:8443
2025-09-05 20:28:47 - launcher - INFO - main.py:289 - Launch Arguments: 22 arguments
2025-09-05 20:28:47 - launcher - INFO - main.py:289 - Starting Fortnite process...
2025-09-05 20:28:51 - launcher - INFO - main.py:289 - ✓ Fortnite launched successfully!
2025-09-05 20:30:35 - launcher - INFO - main.py:289 - === LAUNCHING FORTNITE ===
2025-09-05 20:30:35 - launcher - INFO - main.py:289 - Executable: C:/Users/Caden/Downloads/Fear SeasonS/Season 7/7.40/7.40/FortniteGame/Binaries/Win64/FortniteClient-Win64-Shipping.exe
2025-09-05 20:30:35 - launcher - INFO - main.py:289 - Working Directory: C:/Users/Caden/Downloads/Fear SeasonS/Season 7/7.40/7.40/FortniteGame/Binaries/Win64
2025-09-05 20:30:35 - launcher - INFO - main.py:289 - Backend URL: https://127.0.0.1:8443
2025-09-05 20:30:35 - launcher - INFO - main.py:289 - Launch Arguments: 22 arguments
2025-09-05 20:30:35 - launcher - INFO - main.py:289 - Starting Fortnite process...
2025-09-05 20:30:39 - launcher - INFO - main.py:289 - ✓ Fortnite launched successfully!
2025-09-05 20:32:44 - launcher - INFO - main.py:289 - === LAUNCHING FORTNITE ===
2025-09-05 20:32:44 - launcher - INFO - main.py:289 - Executable: C:/Users/Caden/Downloads/Fear SeasonS/Season 7/7.40/7.40/FortniteGame/Binaries/Win64/FortniteClient-Win64-Shipping.exe
2025-09-05 20:32:44 - launcher - INFO - main.py:289 - Working Directory: C:/Users/Caden/Downloads/Fear SeasonS/Season 7/7.40/7.40/FortniteGame/Binaries/Win64
2025-09-05 20:32:44 - launcher - INFO - main.py:289 - Backend URL: https://127.0.0.1:8443
2025-09-05 20:32:44 - launcher - INFO - main.py:289 - Launch Arguments: 22 arguments
2025-09-05 20:32:44 - launcher - INFO - main.py:289 - Starting Fortnite process...
2025-09-05 20:32:48 - launcher - INFO - main.py:289 - ✓ Fortnite launched successfully!
2025-09-05 20:34:40 - launcher - INFO - main.py:289 - === LAUNCHING FORTNITE ===
2025-09-05 20:34:40 - launcher - INFO - main.py:289 - Executable: C:/Users/Caden/Downloads/Fear SeasonS/Season 7/7.40/7.40/FortniteGame/Binaries/Win64/FortniteClient-Win64-Shipping.exe
2025-09-05 20:34:40 - launcher - INFO - main.py:289 - Working Directory: C:/Users/Caden/Downloads/Fear SeasonS/Season 7/7.40/7.40/FortniteGame/Binaries/Win64
2025-09-05 20:34:40 - launcher - INFO - main.py:289 - Backend URL: https://127.0.0.1:8443
2025-09-05 20:34:40 - launcher - INFO - main.py:289 - Launch Arguments: 22 arguments
2025-09-05 20:34:40 - launcher - INFO - main.py:289 - Starting Fortnite process...
2025-09-05 20:34:43 - launcher - INFO - main.py:289 - ✓ Fortnite launched successfully!
2025-09-05 20:40:56 - launcher - INFO - main.py:289 - === LAUNCHING FORTNITE ===
2025-09-05 20:40:56 - launcher - INFO - main.py:289 - Executable: C:/Users/Caden/Downloads/Fear SeasonS/Season 7/7.40/7.40/FortniteGame/Binaries/Win64/FortniteClient-Win64-Shipping.exe
2025-09-05 20:40:56 - launcher - INFO - main.py:289 - Working Directory: C:/Users/Caden/Downloads/Fear SeasonS/Season 7/7.40/7.40/FortniteGame/Binaries/Win64
2025-09-05 20:40:56 - launcher - INFO - main.py:289 - Backend URL: https://127.0.0.1:8443
2025-09-05 20:40:56 - launcher - INFO - main.py:289 - Launch Arguments: 22 arguments
2025-09-05 20:40:56 - launcher - INFO - main.py:289 - Starting Fortnite process...
2025-09-05 20:40:59 - launcher - INFO - main.py:289 - ✓ Fortnite launched successfully!
2025-09-05 20:47:34 - launcher - INFO - main.py:305 - === LAUNCHING FORTNITE ===
2025-09-05 20:47:34 - launcher - INFO - main.py:305 - Executable: C:/Users/Caden/Downloads/Fear SeasonS/Season 7/7.40/7.40/FortniteGame/Binaries/Win64/FortniteClient-Win64-Shipping.exe
2025-09-05 20:47:34 - launcher - INFO - main.py:305 - Working Directory: C:/Users/Caden/Downloads/Fear SeasonS/Season 7/7.40/7.40/FortniteGame/Binaries/Win64
2025-09-05 20:47:34 - launcher - INFO - main.py:305 - Backend URL: https://127.0.0.1:8443
2025-09-05 20:47:34 - launcher - INFO - main.py:305 - Launch Arguments: 23 arguments
2025-09-05 20:47:34 - launcher - INFO - main.py:305 - Starting Fortnite process...
2025-09-05 20:47:37 - launcher - INFO - main.py:305 - ✓ Fortnite launched successfully!
2025-09-05 20:49:55 - launcher - INFO - main.py:305 - === LAUNCHING FORTNITE ===
2025-09-05 20:49:55 - launcher - INFO - main.py:305 - Executable: C:/Users/Caden/Downloads/Fear SeasonS/Season 7/7.40/7.40/FortniteGame/Binaries/Win64/FortniteClient-Win64-Shipping.exe
2025-09-05 20:49:55 - launcher - INFO - main.py:305 - Working Directory: C:/Users/Caden/Downloads/Fear SeasonS/Season 7/7.40/7.40/FortniteGame/Binaries/Win64
2025-09-05 20:49:55 - launcher - INFO - main.py:305 - Backend URL: https://127.0.0.1:8443
2025-09-05 20:49:55 - launcher - INFO - main.py:305 - Launch Arguments: 23 arguments
2025-09-05 20:49:55 - launcher - INFO - main.py:305 - Starting Fortnite process...
2025-09-05 20:49:58 - launcher - INFO - main.py:305 - ✓ Fortnite launched successfully!
2025-09-05 20:51:14 - launcher - INFO - main.py:305 - === LAUNCHING FORTNITE ===
2025-09-05 20:51:14 - launcher - INFO - main.py:305 - Executable: C:/Users/Caden/Downloads/Fear SeasonS/Season 7/7.40/7.40/FortniteGame/Binaries/Win64/FortniteClient-Win64-Shipping.exe
2025-09-05 20:51:14 - launcher - INFO - main.py:305 - Working Directory: C:/Users/Caden/Downloads/Fear SeasonS/Season 7/7.40/7.40/FortniteGame/Binaries/Win64
2025-09-05 20:51:14 - launcher - INFO - main.py:305 - Backend URL: https://127.0.0.1:8443
2025-09-05 20:51:14 - launcher - INFO - main.py:305 - Launch Arguments: 23 arguments
2025-09-05 20:51:14 - launcher - INFO - main.py:305 - Starting Fortnite process...
2025-09-05 20:51:18 - launcher - INFO - main.py:305 - ✓ Fortnite launched successfully!
2025-09-05 20:54:02 - launcher - INFO - main.py:305 - === LAUNCHING FORTNITE ===
2025-09-05 20:54:02 - launcher - INFO - main.py:305 - Executable: C:/Users/Caden/Downloads/Fear SeasonS/Season 7/7.40/7.40/FortniteGame/Binaries/Win64/FortniteClient-Win64-Shipping.exe
2025-09-05 20:54:02 - launcher - INFO - main.py:305 - Working Directory: C:/Users/Caden/Downloads/Fear SeasonS/Season 7/7.40/7.40/FortniteGame/Binaries/Win64
2025-09-05 20:54:02 - launcher - INFO - main.py:305 - Backend URL: https://127.0.0.1:8443
2025-09-05 20:54:02 - launcher - INFO - main.py:305 - Launch Arguments: 23 arguments
2025-09-05 20:54:02 - launcher - INFO - main.py:305 - Starting Fortnite process...
2025-09-05 20:54:05 - launcher - INFO - main.py:305 - ✓ Fortnite launched successfully!
2025-09-05 20:55:54 - launcher - INFO - main.py:305 - === LAUNCHING FORTNITE ===
2025-09-05 20:55:54 - launcher - INFO - main.py:305 - Executable: C:/Users/Caden/Downloads/Fear SeasonS/Season 7/7.40/7.40/FortniteGame/Binaries/Win64/FortniteClient-Win64-Shipping.exe
2025-09-05 20:55:54 - launcher - INFO - main.py:305 - Working Directory: C:/Users/Caden/Downloads/Fear SeasonS/Season 7/7.40/7.40/FortniteGame/Binaries/Win64
2025-09-05 20:55:54 - launcher - INFO - main.py:305 - Backend URL: http://127.0.0.1:8080
2025-09-05 20:55:54 - launcher - INFO - main.py:305 - Launch Arguments: 23 arguments
2025-09-05 20:55:54 - launcher - INFO - main.py:305 - Starting Fortnite process...
2025-09-05 20:55:58 - launcher - INFO - main.py:305 - ✓ Fortnite launched successfully!
2025-09-05 21:08:03 - launcher - INFO - main.py:331 - === LAUNCHING FORTNITE ===
2025-09-05 21:08:03 - launcher - INFO - main.py:331 - Executable: C:/Users/Caden/Downloads/Fear SeasonS/Season 7/7.40/7.40/FortniteGame/Binaries/Win64/FortniteClient-Win64-Shipping.exe
2025-09-05 21:08:03 - launcher - INFO - main.py:331 - Working Directory: C:/Users/Caden/Downloads/Fear SeasonS/Season 7/7.40/7.40/FortniteGame/Binaries/Win64
2025-09-05 21:08:03 - launcher - INFO - main.py:331 - Backend URL: https://127.0.0.1:8443
2025-09-05 21:08:03 - launcher - INFO - main.py:331 - Launch Arguments: 31 arguments
2025-09-05 21:08:03 - launcher - INFO - main.py:331 - Starting Fortnite process...
2025-09-05 21:08:06 - launcher - INFO - main.py:331 - ✓ Fortnite launched successfully!
2025-09-05 21:09:03 - launcher - INFO - main.py:331 - Fortnite process ended
2025-09-05 21:17:25 - launcher - INFO - main.py:331 - === LAUNCHING FORTNITE ===
2025-09-05 21:17:25 - launcher - INFO - main.py:331 - Executable: C:/Users/Caden/Downloads/Fear SeasonS/Season 7/7.40/7.40/FortniteGame/Binaries/Win64/FortniteClient-Win64-Shipping.exe
2025-09-05 21:17:25 - launcher - INFO - main.py:331 - Working Directory: C:/Users/Caden/Downloads/Fear SeasonS/Season 7/7.40/7.40/FortniteGame/Binaries/Win64
2025-09-05 21:17:25 - launcher - INFO - main.py:331 - Backend URL: https://127.0.0.1:8443
2025-09-05 21:17:25 - launcher - INFO - main.py:331 - Launch Arguments: 31 arguments
2025-09-05 21:17:25 - launcher - INFO - main.py:331 - Starting Fortnite process...
2025-09-05 21:17:28 - launcher - INFO - main.py:331 - ✓ Fortnite launched successfully!
2025-09-05 21:18:04 - launcher - INFO - main.py:331 - Fortnite process ended
2025-09-05 22:49:34 - launcher - ERROR - main.py:347 - Error loading settings: Expecting value: line 1 column 1 (char 0)
