2025-09-05 19:22:26 - main - WARNING - main.py:63 - Not running as administrator. Some features may not work properly.
2025-09-05 19:22:26 - main - INFO - main.py:64 - For full functionality, please run as administrator.
2025-09-05 19:22:26 - main - INFO - main.py:70 - Fortnite Season 7 Emulator starting...
2025-09-05 19:22:26 - main - INFO - main.py:71 - Version: 7.40
2025-09-05 19:22:26 - main - INFO - main.py:72 - Season: 7
2025-09-05 19:22:26 - main - INFO - main.py:148 - Applying comprehensive SSL bypass methods...
2025-09-05 19:22:26 - main - ERROR - main.py:165 - Failed to apply SSL bypass: No module named 'utils.ssl_bypass'
2025-09-05 19:22:26 - main - INFO - main.py:82 - Starting request redirection...
2025-09-05 19:22:26 - main - INFO - main.py:84 - Request redirection started
2025-09-05 19:22:28 - main - INFO - main.py:93 - Starting Season 7.40 backend server...
2025-09-05 19:22:29 - main - ERROR - main.py:97 - Backend server error: FortniteBackendServer.run() got an unexpected keyword argument 'host'
2025-09-05 19:22:30 - main - INFO - main.py:118 - Season 7.40 backend services started
2025-09-05 19:22:30 - main - INFO - main.py:171 - Starting GUI launcher...
2025-09-05 19:22:30 - main - INFO - main.py:175 - Fortnite Season 7 Emulator ready!
2025-09-05 19:23:07 - main - WARNING - main.py:63 - Not running as administrator. Some features may not work properly.
2025-09-05 19:23:07 - main - INFO - main.py:64 - For full functionality, please run as administrator.
2025-09-05 19:23:07 - main - INFO - main.py:70 - Fortnite Season 7 Emulator starting...
2025-09-05 19:23:07 - main - INFO - main.py:71 - Version: 7.40
2025-09-05 19:23:07 - main - INFO - main.py:72 - Season: 7
2025-09-05 19:23:07 - main - INFO - main.py:148 - Applying comprehensive SSL bypass methods...
2025-09-05 19:23:07 - main - ERROR - main.py:165 - Failed to apply SSL bypass: No module named 'utils.ssl_bypass'
2025-09-05 19:23:07 - main - INFO - main.py:82 - Starting request redirection...
2025-09-05 19:23:07 - main - INFO - main.py:84 - Request redirection started
2025-09-05 19:23:09 - main - INFO - main.py:93 - Starting Season 7.40 backend server...
2025-09-05 19:23:11 - main - INFO - main.py:118 - Season 7.40 backend services started
2025-09-05 19:23:11 - main - INFO - main.py:171 - Starting GUI launcher...
2025-09-05 19:23:11 - main - INFO - main.py:175 - Fortnite Season 7 Emulator ready!
2025-09-05 19:23:24 - main - WARNING - main.py:63 - Not running as administrator. Some features may not work properly.
2025-09-05 19:23:24 - main - INFO - main.py:64 - For full functionality, please run as administrator.
2025-09-05 19:23:24 - main - INFO - main.py:70 - Fortnite Season 7 Emulator starting...
2025-09-05 19:23:24 - main - INFO - main.py:71 - Version: 7.40
2025-09-05 19:23:24 - main - INFO - main.py:72 - Season: 7
2025-09-05 19:23:24 - main - INFO - main.py:148 - Applying comprehensive SSL bypass methods...
2025-09-05 19:23:24 - main - ERROR - main.py:165 - Failed to apply SSL bypass: No module named 'utils.ssl_bypass'
2025-09-05 19:23:24 - main - INFO - main.py:82 - Starting request redirection...
2025-09-05 19:23:24 - main - INFO - main.py:84 - Request redirection started
2025-09-05 19:23:26 - main - INFO - main.py:93 - Starting Season 7.40 backend server...
2025-09-05 19:23:28 - main - INFO - main.py:118 - Season 7.40 backend services started
2025-09-05 19:23:28 - main - INFO - main.py:171 - Starting GUI launcher...
2025-09-05 19:23:28 - main - INFO - main.py:175 - Fortnite Season 7 Emulator ready!
2025-09-05 19:32:33 - main - WARNING - main.py:63 - Not running as administrator. Some features may not work properly.
2025-09-05 19:32:33 - main - INFO - main.py:64 - For full functionality, please run as administrator.
2025-09-05 19:32:33 - main - INFO - main.py:70 - Fortnite Season 7 Emulator starting...
2025-09-05 19:32:33 - main - INFO - main.py:71 - Version: 7.40
2025-09-05 19:32:33 - main - INFO - main.py:72 - Season: 7
2025-09-05 19:32:33 - main - INFO - main.py:148 - Applying comprehensive SSL bypass methods...
2025-09-05 19:32:33 - main - ERROR - main.py:165 - Failed to apply SSL bypass: No module named 'utils.ssl_bypass'
2025-09-05 19:32:33 - main - INFO - main.py:82 - Starting request redirection...
2025-09-05 19:32:33 - main - INFO - main.py:84 - Request redirection started
2025-09-05 19:32:35 - main - INFO - main.py:93 - Starting Season 7.40 backend server...
2025-09-05 19:32:37 - main - INFO - main.py:118 - Season 7.40 backend services started
2025-09-05 19:32:37 - main - INFO - main.py:171 - Starting GUI launcher...
2025-09-05 19:32:38 - main - INFO - main.py:175 - Fortnite Season 7 Emulator ready!
2025-09-05 19:41:18 - main - WARNING - main.py:63 - Not running as administrator. Some features may not work properly.
2025-09-05 19:41:18 - main - INFO - main.py:64 - For full functionality, please run as administrator.
2025-09-05 19:41:18 - main - INFO - main.py:70 - Fortnite Season 7 Emulator starting...
2025-09-05 19:41:18 - main - INFO - main.py:71 - Version: 7.40
2025-09-05 19:41:18 - main - INFO - main.py:72 - Season: 7
2025-09-05 19:41:18 - main - INFO - main.py:148 - Applying comprehensive SSL bypass methods...
2025-09-05 19:41:18 - main - INFO - main.py:160 - SSL bypass methods applied successfully
2025-09-05 19:41:18 - main - INFO - main.py:82 - Starting request redirection...
2025-09-05 19:41:18 - main - INFO - main.py:84 - Request redirection started
2025-09-05 19:41:20 - main - INFO - main.py:93 - Starting Season 7.40 backend server...
2025-09-05 19:41:22 - main - INFO - main.py:118 - Season 7.40 backend services started
2025-09-05 19:41:22 - main - INFO - main.py:171 - Starting GUI launcher...
2025-09-05 19:41:22 - main - INFO - main.py:175 - Fortnite Season 7 Emulator ready!
2025-09-05 19:46:39 - main - WARNING - main.py:63 - Not running as administrator. Some features may not work properly.
2025-09-05 19:46:39 - main - INFO - main.py:64 - For full functionality, please run as administrator.
2025-09-05 19:46:39 - main - INFO - main.py:70 - Fortnite Season 7 Emulator starting...
2025-09-05 19:46:39 - main - INFO - main.py:71 - Version: 7.40
2025-09-05 19:46:39 - main - INFO - main.py:72 - Season: 7
2025-09-05 19:46:39 - main - INFO - main.py:148 - Applying comprehensive SSL bypass methods...
2025-09-05 19:46:39 - main - INFO - main.py:160 - SSL bypass methods applied successfully
2025-09-05 19:46:39 - main - INFO - main.py:82 - Starting request redirection...
2025-09-05 19:46:39 - main - INFO - main.py:84 - Request redirection started
2025-09-05 19:46:41 - main - INFO - main.py:93 - Starting Season 7.40 backend server...
2025-09-05 19:46:43 - main - INFO - main.py:118 - Season 7.40 backend services started
2025-09-05 19:46:43 - main - INFO - main.py:171 - Starting GUI launcher...
2025-09-05 19:46:43 - main - INFO - main.py:175 - Fortnite Season 7 Emulator ready!
2025-09-05 19:52:32 - main - WARNING - main.py:63 - Not running as administrator. Some features may not work properly.
2025-09-05 19:52:32 - main - INFO - main.py:64 - For full functionality, please run as administrator.
2025-09-05 19:52:32 - main - INFO - main.py:70 - Fortnite Season 7 Emulator starting...
2025-09-05 19:52:32 - main - INFO - main.py:71 - Version: 7.40
2025-09-05 19:52:32 - main - INFO - main.py:72 - Season: 7
2025-09-05 19:52:32 - main - INFO - main.py:148 - Applying comprehensive SSL bypass methods...
2025-09-05 19:52:32 - main - INFO - main.py:160 - SSL bypass methods applied successfully
2025-09-05 19:52:32 - main - INFO - main.py:82 - Starting request redirection...
2025-09-05 19:52:32 - main - INFO - main.py:84 - Request redirection started
2025-09-05 19:52:34 - main - INFO - main.py:93 - Starting Season 7.40 backend server...
2025-09-05 19:52:34 - main - ERROR - main.py:97 - Backend server error: View function mapping is overwriting an existing endpoint function: version_check
2025-09-05 19:52:36 - main - INFO - main.py:118 - Season 7.40 backend services started
2025-09-05 19:52:36 - main - INFO - main.py:171 - Starting GUI launcher...
2025-09-05 19:52:36 - main - INFO - main.py:175 - Fortnite Season 7 Emulator ready!
2025-09-05 19:54:35 - main - WARNING - main.py:63 - Not running as administrator. Some features may not work properly.
2025-09-05 19:54:35 - main - INFO - main.py:64 - For full functionality, please run as administrator.
2025-09-05 19:54:35 - main - INFO - main.py:70 - Fortnite Season 7 Emulator starting...
2025-09-05 19:54:35 - main - INFO - main.py:71 - Version: 7.40
2025-09-05 19:54:35 - main - INFO - main.py:72 - Season: 7
2025-09-05 19:54:35 - main - INFO - main.py:148 - Applying comprehensive SSL bypass methods...
2025-09-05 19:54:35 - main - INFO - main.py:160 - SSL bypass methods applied successfully
2025-09-05 19:54:35 - main - INFO - main.py:82 - Starting request redirection...
2025-09-05 19:54:35 - main - INFO - main.py:84 - Request redirection started
2025-09-05 19:54:37 - main - INFO - main.py:93 - Starting Season 7.40 backend server...
2025-09-05 19:54:39 - main - INFO - main.py:118 - Season 7.40 backend services started
2025-09-05 19:54:39 - main - INFO - main.py:171 - Starting GUI launcher...
2025-09-05 19:54:39 - main - INFO - main.py:175 - Fortnite Season 7 Emulator ready!
2025-09-05 19:57:21 - main - WARNING - main.py:63 - Not running as administrator. Some features may not work properly.
2025-09-05 19:57:21 - main - INFO - main.py:64 - For full functionality, please run as administrator.
2025-09-05 19:57:21 - main - INFO - main.py:70 - Fortnite Season 7 Emulator starting...
2025-09-05 19:57:21 - main - INFO - main.py:71 - Version: 7.40
2025-09-05 19:57:21 - main - INFO - main.py:72 - Season: 7
2025-09-05 19:57:21 - main - INFO - main.py:148 - Applying comprehensive SSL bypass methods...
2025-09-05 19:57:21 - main - INFO - main.py:160 - SSL bypass methods applied successfully
2025-09-05 19:57:21 - main - INFO - main.py:82 - Starting request redirection...
2025-09-05 19:57:21 - main - INFO - main.py:84 - Request redirection started
2025-09-05 19:57:23 - main - INFO - main.py:93 - Starting Season 7.40 backend server...
2025-09-05 19:57:25 - main - INFO - main.py:118 - Season 7.40 backend services started
2025-09-05 19:57:25 - main - INFO - main.py:171 - Starting GUI launcher...
2025-09-05 19:57:25 - main - INFO - main.py:175 - Fortnite Season 7 Emulator ready!
2025-09-05 19:59:23 - main - WARNING - main.py:63 - Not running as administrator. Some features may not work properly.
2025-09-05 19:59:23 - main - INFO - main.py:64 - For full functionality, please run as administrator.
2025-09-05 19:59:23 - main - INFO - main.py:70 - Fortnite Season 7 Emulator starting...
2025-09-05 19:59:23 - main - INFO - main.py:71 - Version: 7.40
2025-09-05 19:59:23 - main - INFO - main.py:72 - Season: 7
2025-09-05 19:59:23 - main - INFO - main.py:148 - Applying comprehensive SSL bypass methods...
2025-09-05 19:59:23 - main - INFO - main.py:160 - SSL bypass methods applied successfully
2025-09-05 19:59:23 - main - INFO - main.py:82 - Starting request redirection...
2025-09-05 19:59:23 - main - INFO - main.py:84 - Request redirection started
2025-09-05 19:59:25 - main - INFO - main.py:93 - Starting Season 7.40 backend server...
2025-09-05 19:59:27 - main - INFO - main.py:118 - Season 7.40 backend services started
2025-09-05 19:59:27 - main - INFO - main.py:171 - Starting GUI launcher...
2025-09-05 19:59:27 - main - INFO - main.py:175 - Fortnite Season 7 Emulator ready!
2025-09-05 20:01:19 - main - WARNING - main.py:63 - Not running as administrator. Some features may not work properly.
2025-09-05 20:01:19 - main - INFO - main.py:64 - For full functionality, please run as administrator.
2025-09-05 20:01:19 - main - INFO - main.py:70 - Fortnite Season 7 Emulator starting...
2025-09-05 20:01:19 - main - INFO - main.py:71 - Version: 7.40
2025-09-05 20:01:19 - main - INFO - main.py:72 - Season: 7
2025-09-05 20:01:19 - main - INFO - main.py:148 - Applying comprehensive SSL bypass methods...
2025-09-05 20:01:19 - main - INFO - main.py:160 - SSL bypass methods applied successfully
2025-09-05 20:01:19 - main - INFO - main.py:82 - Starting request redirection...
2025-09-05 20:01:19 - main - INFO - main.py:84 - Request redirection started
2025-09-05 20:01:21 - main - INFO - main.py:93 - Starting Season 7.40 backend server...
2025-09-05 20:01:23 - main - INFO - main.py:118 - Season 7.40 backend services started
2025-09-05 20:01:23 - main - INFO - main.py:171 - Starting GUI launcher...
2025-09-05 20:01:23 - main - INFO - main.py:175 - Fortnite Season 7 Emulator ready!
2025-09-05 20:07:40 - main - WARNING - main.py:63 - Not running as administrator. Some features may not work properly.
2025-09-05 20:07:40 - main - INFO - main.py:64 - For full functionality, please run as administrator.
2025-09-05 20:07:40 - main - INFO - main.py:70 - Fortnite Season 7 Emulator starting...
2025-09-05 20:07:40 - main - INFO - main.py:71 - Version: 7.40
2025-09-05 20:07:40 - main - INFO - main.py:72 - Season: 7
2025-09-05 20:07:40 - main - INFO - main.py:148 - Applying comprehensive SSL bypass methods...
2025-09-05 20:07:40 - main - INFO - main.py:160 - SSL bypass methods applied successfully
2025-09-05 20:07:40 - main - INFO - main.py:82 - Starting request redirection...
2025-09-05 20:07:40 - main - INFO - main.py:84 - Request redirection started
2025-09-05 20:07:42 - main - INFO - main.py:93 - Starting Season 7.40 backend server...
2025-09-05 20:07:44 - main - INFO - main.py:118 - Season 7.40 backend services started
2025-09-05 20:07:44 - main - INFO - main.py:171 - Starting GUI launcher...
2025-09-05 20:07:44 - main - INFO - main.py:175 - Fortnite Season 7 Emulator ready!
2025-09-05 20:08:35 - main - WARNING - main.py:63 - Not running as administrator. Some features may not work properly.
2025-09-05 20:08:35 - main - INFO - main.py:64 - For full functionality, please run as administrator.
2025-09-05 20:08:35 - main - INFO - main.py:70 - Fortnite Season 7 Emulator starting...
2025-09-05 20:08:35 - main - INFO - main.py:71 - Version: 7.40
2025-09-05 20:08:35 - main - INFO - main.py:72 - Season: 7
2025-09-05 20:08:35 - main - INFO - main.py:148 - Applying comprehensive SSL bypass methods...
2025-09-05 20:08:35 - main - INFO - main.py:160 - SSL bypass methods applied successfully
2025-09-05 20:08:35 - main - INFO - main.py:82 - Starting request redirection...
2025-09-05 20:08:35 - main - INFO - main.py:84 - Request redirection started
2025-09-05 20:08:37 - main - INFO - main.py:93 - Starting Season 7.40 backend server...
2025-09-05 20:08:39 - main - INFO - main.py:118 - Season 7.40 backend services started
2025-09-05 20:08:39 - main - INFO - main.py:171 - Starting GUI launcher...
2025-09-05 20:08:39 - main - INFO - main.py:175 - Fortnite Season 7 Emulator ready!
2025-09-05 20:16:31 - main - WARNING - main.py:63 - Not running as administrator. Some features may not work properly.
2025-09-05 20:16:31 - main - INFO - main.py:64 - For full functionality, please run as administrator.
2025-09-05 20:16:31 - main - INFO - main.py:70 - Fortnite Season 7 Emulator starting...
2025-09-05 20:16:31 - main - INFO - main.py:71 - Version: 7.40
2025-09-05 20:16:31 - main - INFO - main.py:72 - Season: 7
2025-09-05 20:16:31 - main - INFO - main.py:148 - Applying comprehensive SSL bypass methods...
2025-09-05 20:16:31 - main - INFO - main.py:160 - SSL bypass methods applied successfully
2025-09-05 20:16:31 - main - INFO - main.py:82 - Starting request redirection...
2025-09-05 20:16:31 - main - INFO - main.py:84 - Request redirection started
2025-09-05 20:16:33 - main - INFO - main.py:93 - Starting Season 7.40 backend server...
2025-09-05 20:16:35 - main - INFO - main.py:118 - Season 7.40 backend services started
2025-09-05 20:16:35 - main - INFO - main.py:171 - Starting GUI launcher...
2025-09-05 20:16:35 - main - INFO - main.py:175 - Fortnite Season 7 Emulator ready!
2025-09-05 20:19:31 - main - WARNING - main.py:63 - Not running as administrator. Some features may not work properly.
2025-09-05 20:19:31 - main - INFO - main.py:64 - For full functionality, please run as administrator.
2025-09-05 20:19:31 - main - INFO - main.py:70 - Fortnite Season 7 Emulator starting...
2025-09-05 20:19:31 - main - INFO - main.py:71 - Version: 7.40
2025-09-05 20:19:31 - main - INFO - main.py:72 - Season: 7
2025-09-05 20:19:31 - main - INFO - main.py:148 - Applying comprehensive SSL bypass methods...
2025-09-05 20:19:31 - main - INFO - main.py:160 - SSL bypass methods applied successfully
2025-09-05 20:19:31 - main - INFO - main.py:82 - Starting request redirection...
2025-09-05 20:19:31 - main - INFO - main.py:84 - Request redirection started
2025-09-05 20:19:33 - main - INFO - main.py:93 - Starting Season 7.40 backend server...
2025-09-05 20:19:35 - main - INFO - main.py:118 - Season 7.40 backend services started
2025-09-05 20:19:35 - main - INFO - main.py:171 - Starting GUI launcher...
2025-09-05 20:19:35 - main - INFO - main.py:175 - Fortnite Season 7 Emulator ready!
2025-09-05 20:25:30 - main - WARNING - main.py:63 - Not running as administrator. Some features may not work properly.
2025-09-05 20:25:30 - main - INFO - main.py:64 - For full functionality, please run as administrator.
2025-09-05 20:25:30 - main - INFO - main.py:70 - Fortnite Season 7 Emulator starting...
2025-09-05 20:25:30 - main - INFO - main.py:71 - Version: 7.40
2025-09-05 20:25:30 - main - INFO - main.py:72 - Season: 7
2025-09-05 20:25:30 - main - INFO - main.py:148 - Applying comprehensive SSL bypass methods...
2025-09-05 20:25:30 - main - INFO - main.py:160 - SSL bypass methods applied successfully
2025-09-05 20:25:30 - main - INFO - main.py:82 - Starting request redirection...
2025-09-05 20:25:30 - main - INFO - main.py:84 - Request redirection started
2025-09-05 20:25:32 - main - INFO - main.py:93 - Starting Season 7.40 backend server...
2025-09-05 20:25:34 - main - INFO - main.py:118 - Season 7.40 backend services started
2025-09-05 20:25:34 - main - INFO - main.py:171 - Starting GUI launcher...
2025-09-05 20:25:34 - main - INFO - main.py:175 - Fortnite Season 7 Emulator ready!
2025-09-05 20:30:29 - main - WARNING - main.py:63 - Not running as administrator. Some features may not work properly.
2025-09-05 20:30:29 - main - INFO - main.py:64 - For full functionality, please run as administrator.
2025-09-05 20:30:29 - main - INFO - main.py:70 - Fortnite Season 7 Emulator starting...
2025-09-05 20:30:29 - main - INFO - main.py:71 - Version: 7.40
2025-09-05 20:30:29 - main - INFO - main.py:72 - Season: 7
2025-09-05 20:30:29 - main - INFO - main.py:148 - Applying comprehensive SSL bypass methods...
2025-09-05 20:30:29 - main - INFO - main.py:160 - SSL bypass methods applied successfully
2025-09-05 20:30:29 - main - INFO - main.py:82 - Starting request redirection...
2025-09-05 20:30:29 - main - INFO - main.py:84 - Request redirection started
2025-09-05 20:30:31 - main - INFO - main.py:93 - Starting Season 7.40 backend server...
2025-09-05 20:30:33 - main - INFO - main.py:118 - Season 7.40 backend services started
2025-09-05 20:30:33 - main - INFO - main.py:171 - Starting GUI launcher...
2025-09-05 20:30:33 - main - INFO - main.py:175 - Fortnite Season 7 Emulator ready!
2025-09-05 20:32:25 - main - WARNING - main.py:63 - Not running as administrator. Some features may not work properly.
2025-09-05 20:32:25 - main - INFO - main.py:64 - For full functionality, please run as administrator.
2025-09-05 20:32:25 - main - INFO - main.py:70 - Fortnite Season 7 Emulator starting...
2025-09-05 20:32:25 - main - INFO - main.py:71 - Version: 7.40
2025-09-05 20:32:25 - main - INFO - main.py:72 - Season: 7
2025-09-05 20:32:25 - main - INFO - main.py:148 - Applying comprehensive SSL bypass methods...
2025-09-05 20:32:25 - main - INFO - main.py:160 - SSL bypass methods applied successfully
2025-09-05 20:32:25 - main - INFO - main.py:82 - Starting request redirection...
2025-09-05 20:32:25 - main - INFO - main.py:84 - Request redirection started
2025-09-05 20:32:27 - main - INFO - main.py:93 - Starting Season 7.40 backend server...
2025-09-05 20:32:29 - main - INFO - main.py:118 - Season 7.40 backend services started
2025-09-05 20:32:29 - main - INFO - main.py:171 - Starting GUI launcher...
2025-09-05 20:32:29 - main - INFO - main.py:175 - Fortnite Season 7 Emulator ready!
2025-09-05 20:34:33 - main - WARNING - main.py:63 - Not running as administrator. Some features may not work properly.
2025-09-05 20:34:33 - main - INFO - main.py:64 - For full functionality, please run as administrator.
2025-09-05 20:34:33 - main - INFO - main.py:70 - Fortnite Season 7 Emulator starting...
2025-09-05 20:34:33 - main - INFO - main.py:71 - Version: 7.40
2025-09-05 20:34:33 - main - INFO - main.py:72 - Season: 7
2025-09-05 20:34:33 - main - INFO - main.py:148 - Applying comprehensive SSL bypass methods...
2025-09-05 20:34:33 - main - INFO - main.py:160 - SSL bypass methods applied successfully
2025-09-05 20:34:33 - main - INFO - main.py:82 - Starting request redirection...
2025-09-05 20:34:33 - main - INFO - main.py:84 - Request redirection started
2025-09-05 20:34:35 - main - INFO - main.py:93 - Starting Season 7.40 backend server...
2025-09-05 20:34:37 - main - INFO - main.py:118 - Season 7.40 backend services started
2025-09-05 20:34:37 - main - INFO - main.py:171 - Starting GUI launcher...
2025-09-05 20:34:37 - main - INFO - main.py:175 - Fortnite Season 7 Emulator ready!
2025-09-05 20:36:41 - main - WARNING - main.py:63 - Not running as administrator. Some features may not work properly.
2025-09-05 20:36:41 - main - INFO - main.py:64 - For full functionality, please run as administrator.
2025-09-05 20:36:41 - main - INFO - main.py:70 - Fortnite Season 7 Emulator starting...
2025-09-05 20:36:41 - main - INFO - main.py:71 - Version: 7.40
2025-09-05 20:36:41 - main - INFO - main.py:72 - Season: 7
2025-09-05 20:36:41 - main - INFO - main.py:148 - Applying comprehensive SSL bypass methods...
2025-09-05 20:36:41 - main - INFO - main.py:160 - SSL bypass methods applied successfully
2025-09-05 20:36:41 - main - INFO - main.py:82 - Starting request redirection...
2025-09-05 20:36:41 - main - INFO - main.py:84 - Request redirection started
2025-09-05 20:36:43 - main - INFO - main.py:93 - Starting Season 7.40 backend server...
2025-09-05 20:36:45 - main - INFO - main.py:118 - Season 7.40 backend services started
2025-09-05 20:36:45 - main - INFO - main.py:171 - Starting GUI launcher...
2025-09-05 20:36:45 - main - INFO - main.py:175 - Fortnite Season 7 Emulator ready!
2025-09-05 20:40:21 - main - WARNING - main.py:63 - Not running as administrator. Some features may not work properly.
2025-09-05 20:40:21 - main - INFO - main.py:64 - For full functionality, please run as administrator.
2025-09-05 20:40:21 - main - INFO - main.py:70 - Fortnite Season 7 Emulator starting...
2025-09-05 20:40:21 - main - INFO - main.py:71 - Version: 7.40
2025-09-05 20:40:21 - main - INFO - main.py:72 - Season: 7
2025-09-05 20:40:21 - main - INFO - main.py:148 - Applying comprehensive SSL bypass methods...
2025-09-05 20:40:21 - main - INFO - main.py:160 - SSL bypass methods applied successfully
2025-09-05 20:40:21 - main - INFO - main.py:82 - Starting request redirection...
2025-09-05 20:40:21 - main - INFO - main.py:84 - Request redirection started
2025-09-05 20:40:23 - main - INFO - main.py:93 - Starting Season 7.40 backend server...
2025-09-05 20:40:25 - main - INFO - main.py:118 - Season 7.40 backend services started
2025-09-05 20:40:25 - main - INFO - main.py:171 - Starting GUI launcher...
2025-09-05 20:40:25 - main - INFO - main.py:175 - Fortnite Season 7 Emulator ready!
2025-09-05 20:40:45 - main - WARNING - main.py:63 - Not running as administrator. Some features may not work properly.
2025-09-05 20:40:45 - main - INFO - main.py:64 - For full functionality, please run as administrator.
2025-09-05 20:40:45 - main - INFO - main.py:70 - Fortnite Season 7 Emulator starting...
2025-09-05 20:40:45 - main - INFO - main.py:71 - Version: 7.40
2025-09-05 20:40:45 - main - INFO - main.py:72 - Season: 7
2025-09-05 20:40:45 - main - INFO - main.py:148 - Applying comprehensive SSL bypass methods...
2025-09-05 20:40:45 - main - INFO - main.py:160 - SSL bypass methods applied successfully
2025-09-05 20:40:45 - main - INFO - main.py:82 - Starting request redirection...
2025-09-05 20:40:45 - main - INFO - main.py:84 - Request redirection started
2025-09-05 20:40:47 - main - INFO - main.py:93 - Starting Season 7.40 backend server...
2025-09-05 20:40:49 - main - INFO - main.py:118 - Season 7.40 backend services started
2025-09-05 20:40:49 - main - INFO - main.py:171 - Starting GUI launcher...
2025-09-05 20:40:49 - main - INFO - main.py:175 - Fortnite Season 7 Emulator ready!
2025-09-05 20:44:56 - main - WARNING - main.py:63 - Not running as administrator. Some features may not work properly.
2025-09-05 20:44:56 - main - INFO - main.py:64 - For full functionality, please run as administrator.
2025-09-05 20:44:56 - main - INFO - main.py:70 - Fortnite Season 7 Emulator starting...
2025-09-05 20:44:56 - main - INFO - main.py:71 - Version: 7.40
2025-09-05 20:44:56 - main - INFO - main.py:72 - Season: 7
2025-09-05 20:44:56 - main - INFO - main.py:148 - Applying comprehensive SSL bypass methods...
2025-09-05 20:44:56 - main - INFO - main.py:160 - SSL bypass methods applied successfully
2025-09-05 20:44:56 - main - INFO - main.py:82 - Starting request redirection...
2025-09-05 20:44:56 - main - INFO - main.py:84 - Request redirection started
2025-09-05 20:44:58 - main - INFO - main.py:93 - Starting Season 7.40 backend server...
2025-09-05 20:46:54 - main - WARNING - main.py:63 - Not running as administrator. Some features may not work properly.
2025-09-05 20:46:54 - main - INFO - main.py:64 - For full functionality, please run as administrator.
2025-09-05 20:46:54 - main - INFO - main.py:70 - Fortnite Season 7 Emulator starting...
2025-09-05 20:46:54 - main - INFO - main.py:71 - Version: 7.40
2025-09-05 20:46:54 - main - INFO - main.py:72 - Season: 7
2025-09-05 20:46:54 - main - INFO - main.py:148 - Applying comprehensive SSL bypass methods...
2025-09-05 20:46:54 - main - INFO - main.py:160 - SSL bypass methods applied successfully
2025-09-05 20:46:54 - main - INFO - main.py:82 - Starting request redirection...
2025-09-05 20:46:54 - main - INFO - main.py:84 - Request redirection started
2025-09-05 20:46:56 - main - INFO - main.py:93 - Starting Season 7.40 backend server...
2025-09-05 20:46:58 - main - INFO - main.py:118 - Season 7.40 backend services started
2025-09-05 20:46:58 - main - INFO - main.py:171 - Starting GUI launcher...
2025-09-05 20:46:58 - main - INFO - main.py:175 - Fortnite Season 7 Emulator ready!
2025-09-05 20:49:28 - main - WARNING - main.py:63 - Not running as administrator. Some features may not work properly.
2025-09-05 20:49:28 - main - INFO - main.py:64 - For full functionality, please run as administrator.
2025-09-05 20:49:28 - main - INFO - main.py:70 - Fortnite Season 7 Emulator starting...
2025-09-05 20:49:28 - main - INFO - main.py:71 - Version: 7.40
2025-09-05 20:49:28 - main - INFO - main.py:72 - Season: 7
2025-09-05 20:49:28 - main - INFO - main.py:148 - Applying comprehensive SSL bypass methods...
2025-09-05 20:49:28 - main - INFO - main.py:160 - SSL bypass methods applied successfully
2025-09-05 20:49:28 - main - INFO - main.py:82 - Starting request redirection...
2025-09-05 20:49:28 - main - INFO - main.py:84 - Request redirection started
2025-09-05 20:49:30 - main - INFO - main.py:93 - Starting Season 7.40 backend server...
2025-09-05 20:49:32 - main - INFO - main.py:118 - Season 7.40 backend services started
2025-09-05 20:49:32 - main - INFO - main.py:171 - Starting GUI launcher...
2025-09-05 20:49:32 - main - INFO - main.py:175 - Fortnite Season 7 Emulator ready!
2025-09-05 20:51:09 - main - WARNING - main.py:63 - Not running as administrator. Some features may not work properly.
2025-09-05 20:51:09 - main - INFO - main.py:64 - For full functionality, please run as administrator.
2025-09-05 20:51:09 - main - INFO - main.py:70 - Fortnite Season 7 Emulator starting...
2025-09-05 20:51:09 - main - INFO - main.py:71 - Version: 7.40
2025-09-05 20:51:09 - main - INFO - main.py:72 - Season: 7
2025-09-05 20:51:09 - main - INFO - main.py:148 - Applying comprehensive SSL bypass methods...
2025-09-05 20:51:09 - main - INFO - main.py:160 - SSL bypass methods applied successfully
2025-09-05 20:51:09 - main - INFO - main.py:82 - Starting request redirection...
2025-09-05 20:51:09 - main - INFO - main.py:84 - Request redirection started
2025-09-05 20:51:11 - main - INFO - main.py:93 - Starting Season 7.40 backend server...
2025-09-05 20:51:13 - main - INFO - main.py:118 - Season 7.40 backend services started
2025-09-05 20:51:13 - main - INFO - main.py:171 - Starting GUI launcher...
2025-09-05 20:51:13 - main - INFO - main.py:175 - Fortnite Season 7 Emulator ready!
2025-09-05 20:53:55 - main - WARNING - main.py:63 - Not running as administrator. Some features may not work properly.
2025-09-05 20:53:55 - main - INFO - main.py:64 - For full functionality, please run as administrator.
2025-09-05 20:53:55 - main - INFO - main.py:70 - Fortnite Season 7 Emulator starting...
2025-09-05 20:53:55 - main - INFO - main.py:71 - Version: 7.40
2025-09-05 20:53:55 - main - INFO - main.py:72 - Season: 7
2025-09-05 20:53:55 - main - INFO - main.py:148 - Applying comprehensive SSL bypass methods...
2025-09-05 20:53:55 - main - INFO - main.py:160 - SSL bypass methods applied successfully
2025-09-05 20:53:55 - main - INFO - main.py:82 - Starting request redirection...
2025-09-05 20:53:55 - main - INFO - main.py:84 - Request redirection started
2025-09-05 20:53:57 - main - INFO - main.py:93 - Starting Season 7.40 backend server...
2025-09-05 20:53:59 - main - INFO - main.py:118 - Season 7.40 backend services started
2025-09-05 20:53:59 - main - INFO - main.py:171 - Starting GUI launcher...
2025-09-05 20:53:59 - main - INFO - main.py:175 - Fortnite Season 7 Emulator ready!
2025-09-05 20:55:44 - main - WARNING - main.py:63 - Not running as administrator. Some features may not work properly.
2025-09-05 20:55:44 - main - INFO - main.py:64 - For full functionality, please run as administrator.
2025-09-05 20:55:44 - main - INFO - main.py:70 - Fortnite Season 7 Emulator starting...
2025-09-05 20:55:44 - main - INFO - main.py:71 - Version: 7.40
2025-09-05 20:55:44 - main - INFO - main.py:72 - Season: 7
2025-09-05 20:55:44 - main - INFO - main.py:148 - Applying comprehensive SSL bypass methods...
2025-09-05 20:55:44 - main - INFO - main.py:160 - SSL bypass methods applied successfully
2025-09-05 20:55:44 - main - INFO - main.py:82 - Starting request redirection...
2025-09-05 20:55:44 - main - INFO - main.py:84 - Request redirection started
2025-09-05 20:55:46 - main - INFO - main.py:93 - Starting Season 7.40 backend server...
2025-09-05 20:55:48 - main - INFO - main.py:118 - Season 7.40 backend services started
2025-09-05 20:55:48 - main - INFO - main.py:171 - Starting GUI launcher...
2025-09-05 20:55:48 - main - INFO - main.py:175 - Fortnite Season 7 Emulator ready!
2025-09-05 20:57:08 - main - WARNING - main.py:63 - Not running as administrator. Some features may not work properly.
2025-09-05 20:57:08 - main - INFO - main.py:64 - For full functionality, please run as administrator.
2025-09-05 20:57:08 - main - INFO - main.py:70 - Fortnite Season 7 Emulator starting...
2025-09-05 20:57:08 - main - INFO - main.py:71 - Version: 7.40
2025-09-05 20:57:08 - main - INFO - main.py:72 - Season: 7
2025-09-05 20:57:08 - main - INFO - main.py:148 - Applying comprehensive SSL bypass methods...
2025-09-05 20:57:08 - main - INFO - main.py:160 - SSL bypass methods applied successfully
2025-09-05 20:57:08 - main - INFO - main.py:82 - Starting request redirection...
2025-09-05 20:57:08 - main - INFO - main.py:84 - Request redirection started
2025-09-05 20:57:10 - main - INFO - main.py:93 - Starting Season 7.40 backend server...
2025-09-05 20:57:12 - main - INFO - main.py:118 - Season 7.40 backend services started
2025-09-05 20:57:12 - main - INFO - main.py:171 - Starting GUI launcher...
2025-09-05 20:57:12 - main - INFO - main.py:175 - Fortnite Season 7 Emulator ready!
2025-09-05 21:06:34 - main - WARNING - main.py:63 - Not running as administrator. Some features may not work properly.
2025-09-05 21:06:34 - main - INFO - main.py:64 - For full functionality, please run as administrator.
2025-09-05 21:06:34 - main - INFO - main.py:70 - Fortnite Season 7 Emulator starting...
2025-09-05 21:06:34 - main - INFO - main.py:71 - Version: 7.40
2025-09-05 21:06:34 - main - INFO - main.py:72 - Season: 7
2025-09-05 21:06:34 - main - INFO - main.py:148 - Applying comprehensive SSL bypass methods...
2025-09-05 21:06:34 - main - INFO - main.py:165 - ✅ Python SSL bypass applied
2025-09-05 21:06:34 - main - INFO - main.py:165 - ✅ Set 26 SSL environment variables
2025-09-05 21:06:34 - main - INFO - main.py:165 - ✅ Windows SSL bypass applied
2025-09-05 21:06:34 - main - INFO - main.py:165 - ℹ️ Certificate store modification attempted
2025-09-05 21:06:34 - main - INFO - main.py:165 - ℹ️ Network-level SSL fixes applied
2025-09-05 21:06:34 - main - INFO - main.py:165 - ✅ Comprehensive SSL fixes applied successfully
2025-09-05 21:06:34 - main - INFO - main.py:168 - SSL bypass methods applied successfully
2025-09-05 21:06:34 - main - INFO - main.py:82 - Starting request redirection...
2025-09-05 21:06:34 - main - INFO - main.py:84 - Request redirection started
2025-09-05 21:06:36 - main - INFO - main.py:93 - Starting Season 7.40 backend server...
2025-09-05 21:06:38 - main - INFO - main.py:118 - Season 7.40 backend services started
2025-09-05 21:06:38 - main - INFO - main.py:179 - Starting GUI launcher...
2025-09-05 21:06:38 - main - INFO - main.py:183 - Fortnite Season 7 Emulator ready!
2025-09-05 21:17:09 - main - INFO - main.py:77 - Fortnite Season 7 Emulator starting...
2025-09-05 21:17:09 - main - INFO - main.py:78 - Version: 7.40
2025-09-05 21:17:09 - main - INFO - main.py:79 - Season: 7
2025-09-05 21:17:09 - main - INFO - main.py:153 - Applying comprehensive SSL bypass methods...
2025-09-05 21:17:09 - main - INFO - main.py:170 - ✅ Python SSL bypass applied
2025-09-05 21:17:09 - main - INFO - main.py:170 - ✅ Set 26 SSL environment variables
2025-09-05 21:17:09 - main - INFO - main.py:170 - ✅ Windows SSL bypass applied
2025-09-05 21:17:09 - main - INFO - main.py:170 - ℹ️ Certificate store modification attempted
2025-09-05 21:17:09 - main - INFO - main.py:170 - ℹ️ Network-level SSL fixes applied
2025-09-05 21:17:09 - main - INFO - main.py:170 - ✅ Comprehensive SSL fixes applied successfully
2025-09-05 21:17:09 - main - INFO - main.py:173 - SSL bypass methods applied successfully
2025-09-05 21:17:09 - main - INFO - main.py:89 - Starting request redirection...
2025-09-05 21:17:10 - main - INFO - main.py:91 - Request redirection started
2025-09-05 21:17:11 - main - INFO - main.py:100 - Starting Season 7.40 backend server...
2025-09-05 21:17:13 - main - INFO - main.py:125 - Season 7.40 backend services started
2025-09-05 21:17:13 - main - INFO - main.py:184 - Starting GUI launcher...
2025-09-05 21:17:14 - main - INFO - main.py:188 - Fortnite Season 7 Emulator ready!
2025-09-05 21:18:38 - main - WARNING - main.py:70 - Not running as administrator. Some features may not work properly.
2025-09-05 21:18:38 - main - INFO - main.py:71 - For full functionality, please run as administrator.
2025-09-05 21:18:38 - main - INFO - main.py:77 - Fortnite Season 7 Emulator starting...
2025-09-05 21:18:38 - main - INFO - main.py:78 - Version: 7.40
2025-09-05 21:18:38 - main - INFO - main.py:79 - Season: 7
2025-09-05 21:18:38 - main - INFO - main.py:153 - Applying comprehensive SSL bypass methods...
2025-09-05 21:18:38 - main - INFO - main.py:170 - ✅ Python SSL bypass applied
2025-09-05 21:18:38 - main - INFO - main.py:170 - ✅ Set 26 SSL environment variables
2025-09-05 21:18:38 - main - INFO - main.py:170 - ✅ Windows SSL bypass applied
2025-09-05 21:18:38 - main - INFO - main.py:170 - ℹ️ Certificate store modification attempted
2025-09-05 21:18:38 - main - INFO - main.py:170 - ℹ️ Network-level SSL fixes applied
2025-09-05 21:18:38 - main - INFO - main.py:170 - ✅ Comprehensive SSL fixes applied successfully
2025-09-05 21:18:38 - main - INFO - main.py:173 - SSL bypass methods applied successfully
2025-09-05 21:18:38 - main - INFO - main.py:89 - Starting request redirection...
2025-09-05 21:18:38 - main - INFO - main.py:91 - Request redirection started
2025-09-05 21:18:40 - main - INFO - main.py:100 - Starting Season 7.40 backend server...
2025-09-05 22:49:30 - main - WARNING - main.py:70 - Not running as administrator. Some features may not work properly.
2025-09-05 22:49:30 - main - INFO - main.py:71 - For full functionality, please run as administrator.
2025-09-05 22:49:30 - main - INFO - main.py:77 - Fortnite Season 7 Emulator starting...
2025-09-05 22:49:30 - main - INFO - main.py:78 - Version: 7.40
2025-09-05 22:49:30 - main - INFO - main.py:79 - Season: 7
2025-09-05 22:49:30 - main - INFO - main.py:156 - Applying comprehensive SSL bypass methods...
2025-09-05 22:49:30 - main - INFO - main.py:173 - ✅ Python SSL bypass applied
2025-09-05 22:49:30 - main - INFO - main.py:173 - ✅ Set 26 SSL environment variables
2025-09-05 22:49:30 - main - INFO - main.py:173 - ✅ Windows SSL bypass applied
2025-09-05 22:49:30 - main - INFO - main.py:173 - ℹ️ Certificate store modification attempted
2025-09-05 22:49:30 - main - INFO - main.py:173 - ℹ️ Network-level SSL fixes applied
2025-09-05 22:49:30 - main - INFO - main.py:173 - ✅ Comprehensive SSL fixes applied successfully
2025-09-05 22:49:30 - main - INFO - main.py:176 - SSL bypass methods applied successfully
2025-09-05 22:49:30 - main - INFO - main.py:89 - Starting request redirection...
2025-09-05 22:49:30 - main - INFO - main.py:91 - Request redirection started
2025-09-05 22:49:32 - main - INFO - main.py:100 - Starting Season 7.40 backend server...
2025-09-05 22:49:34 - main - INFO - main.py:125 - Season 7.40 backend services started
2025-09-05 22:49:34 - main - INFO - main.py:187 - Starting GUI launcher...
2025-09-05 22:49:34 - main - INFO - main.py:191 - Fortnite Season 7 Emulator ready!
