2025-09-05 21:06:34 - ssl_fix - INFO - fortnite_ssl_fix.py:43 - Applying comprehensive SSL fixes for Fortnite...
2025-09-05 21:06:34 - ssl_fix - INFO - fortnite_ssl_fix.py:115 - Python SSL bypass applied
2025-09-05 21:06:34 - ssl_fix - INFO - fortnite_ssl_fix.py:174 - Set 26 SSL environment variables
2025-09-05 21:06:34 - ssl_fix - INFO - fortnite_ssl_fix.py:222 - Certificate store modification attempted
2025-09-05 21:06:34 - ssl_fix - INFO - fortnite_ssl_fix.py:238 - Network-level SSL fixes applied
2025-09-05 21:17:09 - ssl_fix - INFO - fortnite_ssl_fix.py:43 - Applying comprehensive SSL fixes for Fortnite...
2025-09-05 21:17:09 - ssl_fix - INFO - fortnite_ssl_fix.py:115 - Python SSL bypass applied
2025-09-05 21:17:09 - ssl_fix - INFO - fortnite_ssl_fix.py:174 - Set 26 SSL environment variables
2025-09-05 21:17:09 - ssl_fix - INFO - fortnite_ssl_fix.py:222 - Certificate store modification attempted
2025-09-05 21:17:09 - ssl_fix - INFO - fortnite_ssl_fix.py:238 - Network-level SSL fixes applied
2025-09-05 21:18:38 - ssl_fix - INFO - fortnite_ssl_fix.py:43 - Applying comprehensive SSL fixes for Fortnite...
2025-09-05 21:18:38 - ssl_fix - INFO - fortnite_ssl_fix.py:115 - Python SSL bypass applied
2025-09-05 21:18:38 - ssl_fix - INFO - fortnite_ssl_fix.py:174 - Set 26 SSL environment variables
2025-09-05 21:18:38 - ssl_fix - INFO - fortnite_ssl_fix.py:222 - Certificate store modification attempted
2025-09-05 21:18:38 - ssl_fix - INFO - fortnite_ssl_fix.py:238 - Network-level SSL fixes applied
2025-09-05 22:49:30 - ssl_fix - INFO - fortnite_ssl_fix.py:43 - Applying comprehensive SSL fixes for Fortnite...
2025-09-05 22:49:30 - ssl_fix - INFO - fortnite_ssl_fix.py:115 - Python SSL bypass applied
2025-09-05 22:49:30 - ssl_fix - INFO - fortnite_ssl_fix.py:174 - Set 26 SSL environment variables
2025-09-05 22:49:30 - ssl_fix - INFO - fortnite_ssl_fix.py:222 - Certificate store modification attempted
2025-09-05 22:49:30 - ssl_fix - INFO - fortnite_ssl_fix.py:238 - Network-level SSL fixes applied
